<?xml version="1.0" encoding="UTF-8"?>
<!-- Generated by org.testng.reporters.JUnitXMLReporter -->
<testsuite ignored="0" hostname="Jp" failures="0" tests="4" name="Test" time="3.713" errors="0" timestamp="2023-03-19T15:32:17 PDT">
  <testcase classname="day8.CreateUser" name="createGORESTUser" time="2.168"/>
  <testcase classname="day8.GetUserDetails" name="testGetGORESTUser" time="0.514"/>
  <testcase classname="day8.UpdateUser" name="updateGORESTUser" time="0.488"/>
  <testcase classname="day8.DeleteUser" name="deleteGORESTUser" time="0.485"/>
</testsuite> <!-- Test -->
