<?xml version="1.0" encoding="UTF-8"?>
<testng-results ignored="0" total="4" passed="4" failed="0" skipped="0">
  <reporter-output>
  </reporter-output>
  <suite started-at="2023-03-19T15:32:13 PDT" name="Suite" finished-at="2023-03-19T15:32:17 PDT" duration-ms="3713">
    <groups>
    </groups>
    <test started-at="2023-03-19T15:32:13 PDT" name="Test" finished-at="2023-03-19T15:32:17 PDT" duration-ms="3713">
      <class name="day8.UpdateUser">
        <test-method signature="updateGORESTUser(org.testng.ITestContext)[pri:0, instance:day8.UpdateUser@942a29c]" started-at="2023-03-19T15:32:16 PDT" name="updateGORESTUser" finished-at="2023-03-19T15:32:17 PDT" duration-ms="488" status="PASS">
          <params>
            <param index="0">
              <value>
                <![CDATA[org.testng.TestRunner@29f7cefd]]>
              </value>
            </param>
          </params>
          <reporter-output>
          </reporter-output>
        </test-method> <!-- updateGORESTUser -->
      </class> <!-- day8.UpdateUser -->
      <class name="day8.DeleteUser">
        <test-method signature="deleteGORESTUser(org.testng.ITestContext)[pri:0, instance:day8.DeleteUser@1ed6388a]" started-at="2023-03-19T15:32:17 PDT" name="deleteGORESTUser" finished-at="2023-03-19T15:32:17 PDT" duration-ms="485" status="PASS">
          <params>
            <param index="0">
              <value>
                <![CDATA[org.testng.TestRunner@29f7cefd]]>
              </value>
            </param>
          </params>
          <reporter-output>
          </reporter-output>
        </test-method> <!-- deleteGORESTUser -->
      </class> <!-- day8.DeleteUser -->
      <class name="day8.CreateUser">
        <test-method signature="createGORESTUser(org.testng.ITestContext)[pri:0, instance:day8.CreateUser@29215f06]" started-at="2023-03-19T15:32:14 PDT" name="createGORESTUser" finished-at="2023-03-19T15:32:16 PDT" duration-ms="2168" status="PASS">
          <params>
            <param index="0">
              <value>
                <![CDATA[org.testng.TestRunner@29f7cefd]]>
              </value>
            </param>
          </params>
          <reporter-output>
          </reporter-output>
        </test-method> <!-- createGORESTUser -->
      </class> <!-- day8.CreateUser -->
      <class name="day8.GetUserDetails">
        <test-method signature="testGetGORESTUser(org.testng.ITestContext)[pri:0, instance:day8.GetUserDetails@3527942a]" started-at="2023-03-19T15:32:16 PDT" name="testGetGORESTUser" finished-at="2023-03-19T15:32:16 PDT" duration-ms="514" status="PASS">
          <params>
            <param index="0">
              <value>
                <![CDATA[org.testng.TestRunner@29f7cefd]]>
              </value>
            </param>
          </params>
          <reporter-output>
          </reporter-output>
        </test-method> <!-- testGetGORESTUser -->
      </class> <!-- day8.GetUserDetails -->
    </test> <!-- Test -->
  </suite> <!-- Suite -->
</testng-results>
